Data uploaded successfully.
2024-08-27 22:14:49,955 - Watching for file changes with StatReloader
Data uploaded successfully.
2024-08-27 22:14:54,167 - Not Found: /
2024-08-27 22:14:54,575 - Not Found: /favicon.ico
Data uploaded successfully.
Data uploaded successfully.
Data uploaded successfully.
Data uploaded successfully.
Data uploaded successfully.
Data uploaded successfully.
No internet connection. Data queued.
Data uploaded successfully.
Data uploaded successfully.
Data uploaded successfully.
Data uploaded successfully.
2024-08-27 22:31:07,127 - Watching for file changes with StatReloader
Data uploaded successfully.
2024-08-27 22:31:09,859 - Not Found: /
Data uploaded successfully.
Data uploaded successfully.
Data uploaded successfully.
Data uploaded successfully.
Data uploaded successfully.
Data uploaded successfully.
Data uploaded successfully.
Data uploaded successfully.
Data uploaded successfully.
Data uploaded successfully.
Data uploaded successfully.
Data uploaded successfully.
Data uploaded successfully.
Data uploaded successfully.
Data uploaded successfully.
Data uploaded successfully.
Data uploaded successfully.
Data uploaded successfully.
Data uploaded successfully.
