Special Key Key.ctrl_l pressed
Key Key.ctrl_l released
Key / pressed
Key '/' released
Key '/' released
Key a pressed
Key 'a' released
Key 'a' released
Key c pressed
Key c pressed
Key 'c' released
Key 'c' released
Key t pressed
Key 't' released
Key 't' released
Key i pressed
Key i pressed
Key 'i' released
Key v pressed
Key 'v' released
Key 'v' released
Key i pressed
Key i pressed
Key 'i' released
Key 'i' released
Key t pressed
Key 't' released
Key y pressed
Key y pressed
Key 'y' released
Special Key Key.enter pressed
Special Key Key.enter pressed
Key Key.enter released
Key Key.enter released
Special Key Key.ctrl_l pressed
Key  pressed
Key  pressed
Special Key Key.ctrl_l pressed
Key Key.ctrl_l released
Key Key.ctrl_l released
Key / pressed
Key / pressed
Key '/' released
Key '/' released
Key a pressed
Key 'a' released
Key 'a' released
Key c pressed
Key c pressed
Key 'c' released
Key 'c' released
Key t pressed
Key 't' released
Key i pressed
Key i pressed
Key 'i' released
Key 'i' released
Key v pressed
Key v pressed
Key 'v' released
Key i pressed
Key i pressed
Key 'i' released
Key 'i' released
Key t pressed
Key t pressed
Key y pressed
Key y pressed
Key 't' released
Key 't' released
Key 'y' released
Special Key Key.enter pressed
Special Key Key.enter pressed
Key Key.enter released
Special Key Key.ctrl_l pressed
Key  pressed
